CRITICAL - 2020-10-24 09:26:19 --> Too few arguments to function App\Controllers\Helloworld::index(), 1 passed in C:\xampp\htdocs\weblanjut4\vendor\codeigniter4\framework\system\CodeIgniter.php on line 918 and exactly 2 expected
#0 C:\xampp\htdocs\weblanjut4\vendor\codeigniter4\framework\system\CodeIgniter.php(918): App\Controllers\Helloworld->index('kokom')
#1 C:\xampp\htdocs\weblanjut4\vendor\codeigniter4\framework\system\CodeIgniter.php(404): CodeIgniter\CodeIgniter->runController(Object(App\Controllers\Helloworld))
#2 C:\xampp\htdocs\weblanjut4\vendor\codeigniter4\framework\system\CodeIgniter.php(312): CodeIgniter\CodeIgniter->handleRequest(NULL, Object(Config\Cache), false)
#3 C:\xampp\htdocs\weblanjut4\public\index.php(45): CodeIgniter\CodeIgniter->run()
#4 C:\xampp\htdocs\weblanjut4\vendor\codeigniter4\framework\system\Commands\Server\rewrite.php(34): require_once('C:\\xampp\\htdocs...')
#5 {main}
CRITICAL - 2020-10-24 09:26:26 --> Too few arguments to function App\Controllers\Helloworld::index(), 1 passed in C:\xampp\htdocs\weblanjut4\vendor\codeigniter4\framework\system\CodeIgniter.php on line 918 and exactly 2 expected
#0 C:\xampp\htdocs\weblanjut4\vendor\codeigniter4\framework\system\CodeIgniter.php(918): App\Controllers\Helloworld->index('1817051004')
#1 C:\xampp\htdocs\weblanjut4\vendor\codeigniter4\framework\system\CodeIgniter.php(404): CodeIgniter\CodeIgniter->runController(Object(App\Controllers\Helloworld))
#2 C:\xampp\htdocs\weblanjut4\vendor\codeigniter4\framework\system\CodeIgniter.php(312): CodeIgniter\CodeIgniter->handleRequest(NULL, Object(Config\Cache), false)
#3 C:\xampp\htdocs\weblanjut4\public\index.php(45): CodeIgniter\CodeIgniter->run()
#4 C:\xampp\htdocs\weblanjut4\vendor\codeigniter4\framework\system\Commands\Server\rewrite.php(34): require_once('C:\\xampp\\htdocs...')
#5 {main}
CRITICAL - 2020-10-24 09:26:43 --> Too few arguments to function App\Controllers\Helloworld::index(), 1 passed in C:\xampp\htdocs\weblanjut4\vendor\codeigniter4\framework\system\CodeIgniter.php on line 918 and exactly 2 expected
#0 C:\xampp\htdocs\weblanjut4\vendor\codeigniter4\framework\system\CodeIgniter.php(918): App\Controllers\Helloworld->index('1817051004')
#1 C:\xampp\htdocs\weblanjut4\vendor\codeigniter4\framework\system\CodeIgniter.php(404): CodeIgniter\CodeIgniter->runController(Object(App\Controllers\Helloworld))
#2 C:\xampp\htdocs\weblanjut4\vendor\codeigniter4\framework\system\CodeIgniter.php(312): CodeIgniter\CodeIgniter->handleRequest(NULL, Object(Config\Cache), false)
#3 C:\xampp\htdocs\weblanjut4\public\index.php(45): CodeIgniter\CodeIgniter->run()
#4 C:\xampp\htdocs\weblanjut4\vendor\codeigniter4\framework\system\Commands\Server\rewrite.php(34): require_once('C:\\xampp\\htdocs...')
#5 {main}
CRITICAL - 2020-10-24 09:27:48 --> Too few arguments to function App\Controllers\Helloworld::index(), 1 passed in C:\xampp\htdocs\weblanjut4\vendor\codeigniter4\framework\system\CodeIgniter.php on line 918 and exactly 2 expected
#0 C:\xampp\htdocs\weblanjut4\vendor\codeigniter4\framework\system\CodeIgniter.php(918): App\Controllers\Helloworld->index('kokom')
#1 C:\xampp\htdocs\weblanjut4\vendor\codeigniter4\framework\system\CodeIgniter.php(404): CodeIgniter\CodeIgniter->runController(Object(App\Controllers\Helloworld))
#2 C:\xampp\htdocs\weblanjut4\vendor\codeigniter4\framework\system\CodeIgniter.php(312): CodeIgniter\CodeIgniter->handleRequest(NULL, Object(Config\Cache), false)
#3 C:\xampp\htdocs\weblanjut4\public\index.php(45): CodeIgniter\CodeIgniter->run()
#4 C:\xampp\htdocs\weblanjut4\vendor\codeigniter4\framework\system\Commands\Server\rewrite.php(34): require_once('C:\\xampp\\htdocs...')
#5 {main}
CRITICAL - 2020-10-24 09:28:06 --> Too few arguments to function App\Controllers\Helloworld::index(), 0 passed in C:\xampp\htdocs\weblanjut4\vendor\codeigniter4\framework\system\CodeIgniter.php on line 918 and exactly 2 expected
#0 C:\xampp\htdocs\weblanjut4\vendor\codeigniter4\framework\system\CodeIgniter.php(918): App\Controllers\Helloworld->index()
#1 C:\xampp\htdocs\weblanjut4\vendor\codeigniter4\framework\system\CodeIgniter.php(404): CodeIgniter\CodeIgniter->runController(Object(App\Controllers\Helloworld))
#2 C:\xampp\htdocs\weblanjut4\vendor\codeigniter4\framework\system\CodeIgniter.php(312): CodeIgniter\CodeIgniter->handleRequest(NULL, Object(Config\Cache), false)
#3 C:\xampp\htdocs\weblanjut4\public\index.php(45): CodeIgniter\CodeIgniter->run()
#4 C:\xampp\htdocs\weblanjut4\vendor\codeigniter4\framework\system\Commands\Server\rewrite.php(34): require_once('C:\\xampp\\htdocs...')
#5 {main}
CRITICAL - 2020-10-24 09:28:23 --> Too few arguments to function App\Controllers\Helloworld::index(), 0 passed in C:\xampp\htdocs\weblanjut4\vendor\codeigniter4\framework\system\CodeIgniter.php on line 918 and exactly 2 expected
#0 C:\xampp\htdocs\weblanjut4\vendor\codeigniter4\framework\system\CodeIgniter.php(918): App\Controllers\Helloworld->index()
#1 C:\xampp\htdocs\weblanjut4\vendor\codeigniter4\framework\system\CodeIgniter.php(404): CodeIgniter\CodeIgniter->runController(Object(App\Controllers\Helloworld))
#2 C:\xampp\htdocs\weblanjut4\vendor\codeigniter4\framework\system\CodeIgniter.php(312): CodeIgniter\CodeIgniter->handleRequest(NULL, Object(Config\Cache), false)
#3 C:\xampp\htdocs\weblanjut4\public\index.php(45): CodeIgniter\CodeIgniter->run()
#4 C:\xampp\htdocs\weblanjut4\vendor\codeigniter4\framework\system\Commands\Server\rewrite.php(34): require_once('C:\\xampp\\htdocs...')
#5 {main}
CRITICAL - 2020-10-24 09:28:23 --> Too few arguments to function App\Controllers\Helloworld::index(), 0 passed in C:\xampp\htdocs\weblanjut4\vendor\codeigniter4\framework\system\CodeIgniter.php on line 918 and exactly 2 expected
#0 C:\xampp\htdocs\weblanjut4\vendor\codeigniter4\framework\system\CodeIgniter.php(918): App\Controllers\Helloworld->index()
#1 C:\xampp\htdocs\weblanjut4\vendor\codeigniter4\framework\system\CodeIgniter.php(404): CodeIgniter\CodeIgniter->runController(Object(App\Controllers\Helloworld))
#2 C:\xampp\htdocs\weblanjut4\vendor\codeigniter4\framework\system\CodeIgniter.php(312): CodeIgniter\CodeIgniter->handleRequest(NULL, Object(Config\Cache), false)
#3 C:\xampp\htdocs\weblanjut4\public\index.php(45): CodeIgniter\CodeIgniter->run()
#4 C:\xampp\htdocs\weblanjut4\vendor\codeigniter4\framework\system\Commands\Server\rewrite.php(34): require_once('C:\\xampp\\htdocs...')
#5 {main}
CRITICAL - 2020-10-24 09:28:23 --> Too few arguments to function App\Controllers\Helloworld::index(), 0 passed in C:\xampp\htdocs\weblanjut4\vendor\codeigniter4\framework\system\CodeIgniter.php on line 918 and exactly 2 expected
#0 C:\xampp\htdocs\weblanjut4\vendor\codeigniter4\framework\system\CodeIgniter.php(918): App\Controllers\Helloworld->index()
#1 C:\xampp\htdocs\weblanjut4\vendor\codeigniter4\framework\system\CodeIgniter.php(404): CodeIgniter\CodeIgniter->runController(Object(App\Controllers\Helloworld))
#2 C:\xampp\htdocs\weblanjut4\vendor\codeigniter4\framework\system\CodeIgniter.php(312): CodeIgniter\CodeIgniter->handleRequest(NULL, Object(Config\Cache), false)
#3 C:\xampp\htdocs\weblanjut4\public\index.php(45): CodeIgniter\CodeIgniter->run()
#4 C:\xampp\htdocs\weblanjut4\vendor\codeigniter4\framework\system\Commands\Server\rewrite.php(34): require_once('C:\\xampp\\htdocs...')
#5 {main}
CRITICAL - 2020-10-24 09:28:24 --> Too few arguments to function App\Controllers\Helloworld::index(), 0 passed in C:\xampp\htdocs\weblanjut4\vendor\codeigniter4\framework\system\CodeIgniter.php on line 918 and exactly 2 expected
#0 C:\xampp\htdocs\weblanjut4\vendor\codeigniter4\framework\system\CodeIgniter.php(918): App\Controllers\Helloworld->index()
#1 C:\xampp\htdocs\weblanjut4\vendor\codeigniter4\framework\system\CodeIgniter.php(404): CodeIgniter\CodeIgniter->runController(Object(App\Controllers\Helloworld))
#2 C:\xampp\htdocs\weblanjut4\vendor\codeigniter4\framework\system\CodeIgniter.php(312): CodeIgniter\CodeIgniter->handleRequest(NULL, Object(Config\Cache), false)
#3 C:\xampp\htdocs\weblanjut4\public\index.php(45): CodeIgniter\CodeIgniter->run()
#4 C:\xampp\htdocs\weblanjut4\vendor\codeigniter4\framework\system\Commands\Server\rewrite.php(34): require_once('C:\\xampp\\htdocs...')
#5 {main}
CRITICAL - 2020-10-24 09:28:24 --> Too few arguments to function App\Controllers\Helloworld::index(), 0 passed in C:\xampp\htdocs\weblanjut4\vendor\codeigniter4\framework\system\CodeIgniter.php on line 918 and exactly 2 expected
#0 C:\xampp\htdocs\weblanjut4\vendor\codeigniter4\framework\system\CodeIgniter.php(918): App\Controllers\Helloworld->index()
#1 C:\xampp\htdocs\weblanjut4\vendor\codeigniter4\framework\system\CodeIgniter.php(404): CodeIgniter\CodeIgniter->runController(Object(App\Controllers\Helloworld))
#2 C:\xampp\htdocs\weblanjut4\vendor\codeigniter4\framework\system\CodeIgniter.php(312): CodeIgniter\CodeIgniter->handleRequest(NULL, Object(Config\Cache), false)
#3 C:\xampp\htdocs\weblanjut4\public\index.php(45): CodeIgniter\CodeIgniter->run()
#4 C:\xampp\htdocs\weblanjut4\vendor\codeigniter4\framework\system\Commands\Server\rewrite.php(34): require_once('C:\\xampp\\htdocs...')
#5 {main}
CRITICAL - 2020-10-24 09:28:24 --> Too few arguments to function App\Controllers\Helloworld::index(), 0 passed in C:\xampp\htdocs\weblanjut4\vendor\codeigniter4\framework\system\CodeIgniter.php on line 918 and exactly 2 expected
#0 C:\xampp\htdocs\weblanjut4\vendor\codeigniter4\framework\system\CodeIgniter.php(918): App\Controllers\Helloworld->index()
#1 C:\xampp\htdocs\weblanjut4\vendor\codeigniter4\framework\system\CodeIgniter.php(404): CodeIgniter\CodeIgniter->runController(Object(App\Controllers\Helloworld))
#2 C:\xampp\htdocs\weblanjut4\vendor\codeigniter4\framework\system\CodeIgniter.php(312): CodeIgniter\CodeIgniter->handleRequest(NULL, Object(Config\Cache), false)
#3 C:\xampp\htdocs\weblanjut4\public\index.php(45): CodeIgniter\CodeIgniter->run()
#4 C:\xampp\htdocs\weblanjut4\vendor\codeigniter4\framework\system\Commands\Server\rewrite.php(34): require_once('C:\\xampp\\htdocs...')
#5 {main}
CRITICAL - 2020-10-24 09:28:24 --> Too few arguments to function App\Controllers\Helloworld::index(), 0 passed in C:\xampp\htdocs\weblanjut4\vendor\codeigniter4\framework\system\CodeIgniter.php on line 918 and exactly 2 expected
#0 C:\xampp\htdocs\weblanjut4\vendor\codeigniter4\framework\system\CodeIgniter.php(918): App\Controllers\Helloworld->index()
#1 C:\xampp\htdocs\weblanjut4\vendor\codeigniter4\framework\system\CodeIgniter.php(404): CodeIgniter\CodeIgniter->runController(Object(App\Controllers\Helloworld))
#2 C:\xampp\htdocs\weblanjut4\vendor\codeigniter4\framework\system\CodeIgniter.php(312): CodeIgniter\CodeIgniter->handleRequest(NULL, Object(Config\Cache), false)
#3 C:\xampp\htdocs\weblanjut4\public\index.php(45): CodeIgniter\CodeIgniter->run()
#4 C:\xampp\htdocs\weblanjut4\vendor\codeigniter4\framework\system\Commands\Server\rewrite.php(34): require_once('C:\\xampp\\htdocs...')
#5 {main}
CRITICAL - 2020-10-24 09:28:24 --> Too few arguments to function App\Controllers\Helloworld::index(), 0 passed in C:\xampp\htdocs\weblanjut4\vendor\codeigniter4\framework\system\CodeIgniter.php on line 918 and exactly 2 expected
#0 C:\xampp\htdocs\weblanjut4\vendor\codeigniter4\framework\system\CodeIgniter.php(918): App\Controllers\Helloworld->index()
#1 C:\xampp\htdocs\weblanjut4\vendor\codeigniter4\framework\system\CodeIgniter.php(404): CodeIgniter\CodeIgniter->runController(Object(App\Controllers\Helloworld))
#2 C:\xampp\htdocs\weblanjut4\vendor\codeigniter4\framework\system\CodeIgniter.php(312): CodeIgniter\CodeIgniter->handleRequest(NULL, Object(Config\Cache), false)
#3 C:\xampp\htdocs\weblanjut4\public\index.php(45): CodeIgniter\CodeIgniter->run()
#4 C:\xampp\htdocs\weblanjut4\vendor\codeigniter4\framework\system\Commands\Server\rewrite.php(34): require_once('C:\\xampp\\htdocs...')
#5 {main}
CRITICAL - 2020-10-24 09:28:44 --> Too few arguments to function App\Controllers\Helloworld::index(), 0 passed in C:\xampp\htdocs\weblanjut4\vendor\codeigniter4\framework\system\CodeIgniter.php on line 918 and exactly 1 expected
#0 C:\xampp\htdocs\weblanjut4\vendor\codeigniter4\framework\system\CodeIgniter.php(918): App\Controllers\Helloworld->index()
#1 C:\xampp\htdocs\weblanjut4\vendor\codeigniter4\framework\system\CodeIgniter.php(404): CodeIgniter\CodeIgniter->runController(Object(App\Controllers\Helloworld))
#2 C:\xampp\htdocs\weblanjut4\vendor\codeigniter4\framework\system\CodeIgniter.php(312): CodeIgniter\CodeIgniter->handleRequest(NULL, Object(Config\Cache), false)
#3 C:\xampp\htdocs\weblanjut4\public\index.php(45): CodeIgniter\CodeIgniter->run()
#4 C:\xampp\htdocs\weblanjut4\vendor\codeigniter4\framework\system\Commands\Server\rewrite.php(34): require_once('C:\\xampp\\htdocs...')
#5 {main}
CRITICAL - 2020-10-24 09:28:45 --> Too few arguments to function App\Controllers\Helloworld::index(), 0 passed in C:\xampp\htdocs\weblanjut4\vendor\codeigniter4\framework\system\CodeIgniter.php on line 918 and exactly 1 expected
#0 C:\xampp\htdocs\weblanjut4\vendor\codeigniter4\framework\system\CodeIgniter.php(918): App\Controllers\Helloworld->index()
#1 C:\xampp\htdocs\weblanjut4\vendor\codeigniter4\framework\system\CodeIgniter.php(404): CodeIgniter\CodeIgniter->runController(Object(App\Controllers\Helloworld))
#2 C:\xampp\htdocs\weblanjut4\vendor\codeigniter4\framework\system\CodeIgniter.php(312): CodeIgniter\CodeIgniter->handleRequest(NULL, Object(Config\Cache), false)
#3 C:\xampp\htdocs\weblanjut4\public\index.php(45): CodeIgniter\CodeIgniter->run()
#4 C:\xampp\htdocs\weblanjut4\vendor\codeigniter4\framework\system\Commands\Server\rewrite.php(34): require_once('C:\\xampp\\htdocs...')
#5 {main}
CRITICAL - 2020-10-24 09:28:45 --> Too few arguments to function App\Controllers\Helloworld::index(), 0 passed in C:\xampp\htdocs\weblanjut4\vendor\codeigniter4\framework\system\CodeIgniter.php on line 918 and exactly 1 expected
#0 C:\xampp\htdocs\weblanjut4\vendor\codeigniter4\framework\system\CodeIgniter.php(918): App\Controllers\Helloworld->index()
#1 C:\xampp\htdocs\weblanjut4\vendor\codeigniter4\framework\system\CodeIgniter.php(404): CodeIgniter\CodeIgniter->runController(Object(App\Controllers\Helloworld))
#2 C:\xampp\htdocs\weblanjut4\vendor\codeigniter4\framework\system\CodeIgniter.php(312): CodeIgniter\CodeIgniter->handleRequest(NULL, Object(Config\Cache), false)
#3 C:\xampp\htdocs\weblanjut4\public\index.php(45): CodeIgniter\CodeIgniter->run()
#4 C:\xampp\htdocs\weblanjut4\vendor\codeigniter4\framework\system\Commands\Server\rewrite.php(34): require_once('C:\\xampp\\htdocs...')
#5 {main}
CRITICAL - 2020-10-24 09:28:58 --> Too few arguments to function App\Controllers\Helloworld::index(), 0 passed in C:\xampp\htdocs\weblanjut4\vendor\codeigniter4\framework\system\CodeIgniter.php on line 918 and exactly 1 expected
#0 C:\xampp\htdocs\weblanjut4\vendor\codeigniter4\framework\system\CodeIgniter.php(918): App\Controllers\Helloworld->index()
#1 C:\xampp\htdocs\weblanjut4\vendor\codeigniter4\framework\system\CodeIgniter.php(404): CodeIgniter\CodeIgniter->runController(Object(App\Controllers\Helloworld))
#2 C:\xampp\htdocs\weblanjut4\vendor\codeigniter4\framework\system\CodeIgniter.php(312): CodeIgniter\CodeIgniter->handleRequest(NULL, Object(Config\Cache), false)
#3 C:\xampp\htdocs\weblanjut4\public\index.php(45): CodeIgniter\CodeIgniter->run()
#4 C:\xampp\htdocs\weblanjut4\vendor\codeigniter4\framework\system\Commands\Server\rewrite.php(34): require_once('C:\\xampp\\htdocs...')
#5 {main}
CRITICAL - 2020-10-24 09:32:32 --> Too few arguments to function App\Controllers\Helloworld::index(), 0 passed in C:\xampp\htdocs\weblanjut4\vendor\codeigniter4\framework\system\CodeIgniter.php on line 918 and exactly 2 expected
#0 C:\xampp\htdocs\weblanjut4\vendor\codeigniter4\framework\system\CodeIgniter.php(918): App\Controllers\Helloworld->index()
#1 C:\xampp\htdocs\weblanjut4\vendor\codeigniter4\framework\system\CodeIgniter.php(404): CodeIgniter\CodeIgniter->runController(Object(App\Controllers\Helloworld))
#2 C:\xampp\htdocs\weblanjut4\vendor\codeigniter4\framework\system\CodeIgniter.php(312): CodeIgniter\CodeIgniter->handleRequest(NULL, Object(Config\Cache), false)
#3 C:\xampp\htdocs\weblanjut4\public\index.php(45): CodeIgniter\CodeIgniter->run()
#4 C:\xampp\htdocs\weblanjut4\vendor\codeigniter4\framework\system\Commands\Server\rewrite.php(34): require_once('C:\\xampp\\htdocs...')
#5 {main}
CRITICAL - 2020-10-24 09:32:57 --> Too few arguments to function App\Controllers\Helloworld::index(), 0 passed in C:\xampp\htdocs\weblanjut4\vendor\codeigniter4\framework\system\CodeIgniter.php on line 918 and exactly 2 expected
#0 C:\xampp\htdocs\weblanjut4\vendor\codeigniter4\framework\system\CodeIgniter.php(918): App\Controllers\Helloworld->index()
#1 C:\xampp\htdocs\weblanjut4\vendor\codeigniter4\framework\system\CodeIgniter.php(404): CodeIgniter\CodeIgniter->runController(Object(App\Controllers\Helloworld))
#2 C:\xampp\htdocs\weblanjut4\vendor\codeigniter4\framework\system\CodeIgniter.php(312): CodeIgniter\CodeIgniter->handleRequest(NULL, Object(Config\Cache), false)
#3 C:\xampp\htdocs\weblanjut4\public\index.php(45): CodeIgniter\CodeIgniter->run()
#4 C:\xampp\htdocs\weblanjut4\vendor\codeigniter4\framework\system\Commands\Server\rewrite.php(34): require_once('C:\\xampp\\htdocs...')
#5 {main}
CRITICAL - 2020-10-24 09:33:09 --> Too few arguments to function App\Controllers\Helloworld::index(), 0 passed in C:\xampp\htdocs\weblanjut4\vendor\codeigniter4\framework\system\CodeIgniter.php on line 918 and exactly 2 expected
#0 C:\xampp\htdocs\weblanjut4\vendor\codeigniter4\framework\system\CodeIgniter.php(918): App\Controllers\Helloworld->index()
#1 C:\xampp\htdocs\weblanjut4\vendor\codeigniter4\framework\system\CodeIgniter.php(404): CodeIgniter\CodeIgniter->runController(Object(App\Controllers\Helloworld))
#2 C:\xampp\htdocs\weblanjut4\vendor\codeigniter4\framework\system\CodeIgniter.php(312): CodeIgniter\CodeIgniter->handleRequest(NULL, Object(Config\Cache), false)
#3 C:\xampp\htdocs\weblanjut4\public\index.php(45): CodeIgniter\CodeIgniter->run()
#4 C:\xampp\htdocs\weblanjut4\vendor\codeigniter4\framework\system\Commands\Server\rewrite.php(34): require_once('C:\\xampp\\htdocs...')
#5 {main}
CRITICAL - 2020-10-24 09:35:15 --> Too few arguments to function App\Controllers\Helloworld::index(), 0 passed in C:\xampp\htdocs\weblanjut4\vendor\codeigniter4\framework\system\CodeIgniter.php on line 918 and exactly 2 expected
#0 C:\xampp\htdocs\weblanjut4\vendor\codeigniter4\framework\system\CodeIgniter.php(918): App\Controllers\Helloworld->index()
#1 C:\xampp\htdocs\weblanjut4\vendor\codeigniter4\framework\system\CodeIgniter.php(404): CodeIgniter\CodeIgniter->runController(Object(App\Controllers\Helloworld))
#2 C:\xampp\htdocs\weblanjut4\vendor\codeigniter4\framework\system\CodeIgniter.php(312): CodeIgniter\CodeIgniter->handleRequest(NULL, Object(Config\Cache), false)
#3 C:\xampp\htdocs\weblanjut4\public\index.php(45): CodeIgniter\CodeIgniter->run()
#4 C:\xampp\htdocs\weblanjut4\vendor\codeigniter4\framework\system\Commands\Server\rewrite.php(34): require_once('C:\\xampp\\htdocs...')
#5 {main}
CRITICAL - 2020-10-24 09:36:13 --> Too few arguments to function App\Controllers\Helloworld::index(), 0 passed in C:\xampp\htdocs\weblanjut4\vendor\codeigniter4\framework\system\CodeIgniter.php on line 918 and exactly 2 expected
#0 C:\xampp\htdocs\weblanjut4\vendor\codeigniter4\framework\system\CodeIgniter.php(918): App\Controllers\Helloworld->index()
#1 C:\xampp\htdocs\weblanjut4\vendor\codeigniter4\framework\system\CodeIgniter.php(404): CodeIgniter\CodeIgniter->runController(Object(App\Controllers\Helloworld))
#2 C:\xampp\htdocs\weblanjut4\vendor\codeigniter4\framework\system\CodeIgniter.php(312): CodeIgniter\CodeIgniter->handleRequest(NULL, Object(Config\Cache), false)
#3 C:\xampp\htdocs\weblanjut4\public\index.php(45): CodeIgniter\CodeIgniter->run()
#4 C:\xampp\htdocs\weblanjut4\vendor\codeigniter4\framework\system\Commands\Server\rewrite.php(34): require_once('C:\\xampp\\htdocs...')
#5 {main}
CRITICAL - 2020-10-24 09:42:11 --> syntax error, unexpected 'if' (T_IF)
#0 C:\xampp\htdocs\weblanjut4\vendor\codeigniter4\framework\system\CodeIgniter.php(364): CodeIgniter\CodeIgniter->tryToRouteIt(NULL)
#1 C:\xampp\htdocs\weblanjut4\vendor\codeigniter4\framework\system\CodeIgniter.php(312): CodeIgniter\CodeIgniter->handleRequest(NULL, Object(Config\Cache), false)
#2 C:\xampp\htdocs\weblanjut4\public\index.php(45): CodeIgniter\CodeIgniter->run()
#3 C:\xampp\htdocs\weblanjut4\vendor\codeigniter4\framework\system\Commands\Server\rewrite.php(34): require_once('C:\\xampp\\htdocs...')
#4 {main}
CRITICAL - 2020-10-24 09:42:29 --> syntax error, unexpected 'if' (T_IF)
#0 C:\xampp\htdocs\weblanjut4\vendor\codeigniter4\framework\system\CodeIgniter.php(364): CodeIgniter\CodeIgniter->tryToRouteIt(NULL)
#1 C:\xampp\htdocs\weblanjut4\vendor\codeigniter4\framework\system\CodeIgniter.php(312): CodeIgniter\CodeIgniter->handleRequest(NULL, Object(Config\Cache), false)
#2 C:\xampp\htdocs\weblanjut4\public\index.php(45): CodeIgniter\CodeIgniter->run()
#3 C:\xampp\htdocs\weblanjut4\vendor\codeigniter4\framework\system\Commands\Server\rewrite.php(34): require_once('C:\\xampp\\htdocs...')
#4 {main}
CRITICAL - 2020-10-24 09:43:30 --> syntax error, unexpected 'if' (T_IF)
#0 C:\xampp\htdocs\weblanjut4\vendor\codeigniter4\framework\system\CodeIgniter.php(364): CodeIgniter\CodeIgniter->tryToRouteIt(NULL)
#1 C:\xampp\htdocs\weblanjut4\vendor\codeigniter4\framework\system\CodeIgniter.php(312): CodeIgniter\CodeIgniter->handleRequest(NULL, Object(Config\Cache), false)
#2 C:\xampp\htdocs\weblanjut4\public\index.php(45): CodeIgniter\CodeIgniter->run()
#3 C:\xampp\htdocs\weblanjut4\vendor\codeigniter4\framework\system\Commands\Server\rewrite.php(34): require_once('C:\\xampp\\htdocs...')
#4 {main}
CRITICAL - 2020-10-24 09:43:45 --> syntax error, unexpected 'if' (T_IF)
#0 C:\xampp\htdocs\weblanjut4\vendor\codeigniter4\framework\system\CodeIgniter.php(364): CodeIgniter\CodeIgniter->tryToRouteIt(NULL)
#1 C:\xampp\htdocs\weblanjut4\vendor\codeigniter4\framework\system\CodeIgniter.php(312): CodeIgniter\CodeIgniter->handleRequest(NULL, Object(Config\Cache), false)
#2 C:\xampp\htdocs\weblanjut4\public\index.php(45): CodeIgniter\CodeIgniter->run()
#3 C:\xampp\htdocs\weblanjut4\vendor\codeigniter4\framework\system\Commands\Server\rewrite.php(34): require_once('C:\\xampp\\htdocs...')
#4 {main}
CRITICAL - 2020-10-24 09:43:55 --> syntax error, unexpected 'if' (T_IF)
#0 C:\xampp\htdocs\weblanjut4\vendor\codeigniter4\framework\system\CodeIgniter.php(364): CodeIgniter\CodeIgniter->tryToRouteIt(NULL)
#1 C:\xampp\htdocs\weblanjut4\vendor\codeigniter4\framework\system\CodeIgniter.php(312): CodeIgniter\CodeIgniter->handleRequest(NULL, Object(Config\Cache), false)
#2 C:\xampp\htdocs\weblanjut4\public\index.php(45): CodeIgniter\CodeIgniter->run()
#3 C:\xampp\htdocs\weblanjut4\vendor\codeigniter4\framework\system\Commands\Server\rewrite.php(34): require_once('C:\\xampp\\htdocs...')
#4 {main}
CRITICAL - 2020-10-24 09:45:48 --> Too few arguments to function App\Controllers\Helloworld::index(), 0 passed in C:\xampp\htdocs\weblanjut4\vendor\codeigniter4\framework\system\CodeIgniter.php on line 918 and exactly 2 expected
#0 C:\xampp\htdocs\weblanjut4\vendor\codeigniter4\framework\system\CodeIgniter.php(918): App\Controllers\Helloworld->index()
#1 C:\xampp\htdocs\weblanjut4\vendor\codeigniter4\framework\system\CodeIgniter.php(404): CodeIgniter\CodeIgniter->runController(Object(App\Controllers\Helloworld))
#2 C:\xampp\htdocs\weblanjut4\vendor\codeigniter4\framework\system\CodeIgniter.php(312): CodeIgniter\CodeIgniter->handleRequest(NULL, Object(Config\Cache), false)
#3 C:\xampp\htdocs\weblanjut4\public\index.php(45): CodeIgniter\CodeIgniter->run()
#4 C:\xampp\htdocs\weblanjut4\vendor\codeigniter4\framework\system\Commands\Server\rewrite.php(34): require_once('C:\\xampp\\htdocs...')
#5 {main}
